2025-08-26T16:49:26.751+02:00  INFO 66541 --- [heroesofddd] [restartedMain] [                                                 ] c.d.heroesofddd.HeroesOfDDDApplication   : Starting HeroesOfDDDApplication using Java 23.0.2 with PID 66541 (/Users/mateusznowak/GitRepos/MateuszNaKodach/HeroesOfDomainDrivenDesign.EventSourcing.Java.Axon.Spring/target/classes started by mateusznowak in /Users/mateusznowak/GitRepos/MateuszNaKodach/HeroesOfDomainDrivenDesign.EventSourcing.Java.Axon.Spring)
2025-08-26T16:49:26.751+02:00  INFO 66541 --- [heroesofddd] [restartedMain] [                                                 ] c.d.heroesofddd.HeroesOfDDDApplication   : The following 2 profiles are active: "axonserver", "mcpstdio"
2025-08-26T16:49:26.768+02:00  INFO 66541 --- [heroesofddd] [restartedMain] [                                                 ] .e.DevToolsPropertyDefaultsPostProcessor : Devtools property defaults active! Set 'spring.devtools.add-properties' to 'false' to disable
2025-08-26T16:49:26.768+02:00  INFO 66541 --- [heroesofddd] [restartedMain] [                                                 ] .e.DevToolsPropertyDefaultsPostProcessor : For additional web related logging consider setting the 'logging.level.web' property to 'DEBUG'
2025-08-26T16:49:26.793+02:00  WARN 66541 --- [heroesofddd] [restartedMain] [                                                 ] o.s.c.annotation.AnnotationTypeMapping   : Support for convention-based annotation attribute overrides is deprecated and will be removed in Spring Framework 7.0. Please annotate the following attributes in @org.axonframework.spring.stereotype.Aggregate with appropriate @AliasFor declarations: [type]
2025-08-26T16:49:26.794+02:00  WARN 66541 --- [heroesofddd] [restartedMain] [                                                 ] o.s.c.annotation.AnnotationTypeMapping   : Support for convention-based annotation attribute overrides is deprecated and will be removed in Spring Framework 7.0. Please annotate the following attributes in @org.axonframework.commandhandling.CommandHandler with appropriate @AliasFor declarations: [payloadType]
2025-08-26T16:49:26.797+02:00  WARN 66541 --- [heroesofddd] [restartedMain] [                                                 ] o.s.c.annotation.AnnotationTypeMapping   : Support for convention-based annotation attribute overrides is deprecated and will be removed in Spring Framework 7.0. Please annotate the following attributes in @org.axonframework.eventsourcing.EventSourcingHandler with appropriate @AliasFor declarations: [payloadType]
2025-08-26T16:49:26.797+02:00  WARN 66541 --- [heroesofddd] [restartedMain] [                                                 ] o.s.c.annotation.AnnotationTypeMapping   : Support for convention-based annotation attribute overrides is deprecated and will be removed in Spring Framework 7.0. Please annotate the following attributes in @org.axonframework.eventsourcing.EventSourcingHandler with appropriate @AliasFor declarations: [payloadType]
2025-08-26T16:49:26.800+02:00  WARN 66541 --- [heroesofddd] [restartedMain] [                                                 ] o.s.c.annotation.AnnotationTypeMapping   : Support for convention-based annotation attribute overrides is deprecated and will be removed in Spring Framework 7.0. Please annotate the following attributes in @org.axonframework.eventhandling.EventHandler with appropriate @AliasFor declarations: [payloadType]
2025-08-26T16:49:27.215+02:00  INFO 66541 --- [heroesofddd] [restartedMain] [                                                 ] .s.d.r.c.RepositoryConfigurationDelegate : Bootstrapping Spring Data JPA repositories in DEFAULT mode.
2025-08-26T16:49:27.271+02:00  INFO 66541 --- [heroesofddd] [restartedMain] [                                                 ] .s.d.r.c.RepositoryConfigurationDelegate : Finished Spring Data repository scanning in 52 ms. Found 2 JPA repository interfaces.
2025-08-26T16:49:27.453+02:00  WARN 66541 --- [heroesofddd] [restartedMain] [                                                 ] trationDelegate$BeanPostProcessorChecker : Bean 'io.axoniq.console.framework.starter.AxoniqConsoleAutoConfiguration' of type [io.axoniq.console.framework.starter.AxoniqConsoleAutoConfiguration$$SpringCGLIB$$0] is not eligible for getting processed by all BeanPostProcessors (for example: not eligible for auto-proxying). The currently created BeanPostProcessor [axoniqConsoleSpanFactoryPostProcessor] is declared through a non-static factory method on that class; consider declaring it as static instead.
2025-08-26T16:49:27.461+02:00  INFO 66541 --- [heroesofddd] [SimpleAsyncTaskExecutor-1] [                                                 ] com.tngtech.archunit.core.PluginLoader   : Detected Java version 23.0.2
2025-08-26T16:49:27.979+02:00  WARN 66541 --- [heroesofddd] [restartedMain] [                                                 ] trationDelegate$BeanPostProcessorChecker : Bean 'spanMatcherPredicateMap' of type [io.axoniq.console.framework.messaging.SpanMatcherPredicateMap] is not eligible for getting processed by all BeanPostProcessors (for example: not eligible for auto-proxying). Is this bean getting eagerly injected/applied to a currently created BeanPostProcessor [axoniqConsoleSpanFactoryPostProcessor]? Check the corresponding BeanPostProcessor declaration and its dependencies/advisors. If this bean does not have to be post-processed, declare it with ROLE_INFRASTRUCTURE.
2025-08-26T16:49:27.982+02:00  WARN 66541 --- [heroesofddd] [restartedMain] [                                                 ] trationDelegate$BeanPostProcessorChecker : Bean 'stringOrNumberMigrationVersionConverter' of type [org.springframework.boot.autoconfigure.flyway.FlywayAutoConfiguration$StringOrNumberToMigrationVersionConverter] is not eligible for getting processed by all BeanPostProcessors (for example: not eligible for auto-proxying). Is this bean getting eagerly injected/applied to a currently created BeanPostProcessor [axoniqConsoleSpanFactoryPostProcessor]? Check the corresponding BeanPostProcessor declaration and its dependencies/advisors. If this bean does not have to be post-processed, declare it with ROLE_INFRASTRUCTURE.
2025-08-26T16:49:27.984+02:00  WARN 66541 --- [heroesofddd] [restartedMain] [                                                 ] trationDelegate$BeanPostProcessorChecker : Bean 'axoniq.console-io.axoniq.console.framework.starter.AxoniqConsoleSpringProperties' of type [io.axoniq.console.framework.starter.AxoniqConsoleSpringProperties] is not eligible for getting processed by all BeanPostProcessors (for example: not eligible for auto-proxying). Is this bean getting eagerly injected/applied to a currently created BeanPostProcessor [axoniqConsoleSpanFactoryPostProcessor]? Check the corresponding BeanPostProcessor declaration and its dependencies/advisors. If this bean does not have to be post-processed, declare it with ROLE_INFRASTRUCTURE.
2025-08-26T16:49:28.048+02:00  INFO 66541 --- [heroesofddd] [restartedMain] [                                                 ] com.zaxxer.hikari.HikariDataSource       : HikariPool-1 - Starting...
2025-08-26T16:49:28.112+02:00  INFO 66541 --- [heroesofddd] [restartedMain] [                                                 ] com.zaxxer.hikari.pool.HikariPool        : HikariPool-1 - Added connection org.postgresql.jdbc.PgConnection@71fb36b3
2025-08-26T16:49:28.113+02:00  INFO 66541 --- [heroesofddd] [restartedMain] [                                                 ] com.zaxxer.hikari.HikariDataSource       : HikariPool-1 - Start completed.
2025-08-26T16:49:28.122+02:00  INFO 66541 --- [heroesofddd] [restartedMain] [                                                 ] org.flywaydb.core.FlywayExecutor         : Database: jdbc:postgresql://localhost:6446/heroes_of_ddd_development (PostgreSQL 16.9)
2025-08-26T16:49:28.141+02:00  INFO 66541 --- [heroesofddd] [restartedMain] [                                                 ] o.f.core.internal.command.DbValidate     : Successfully validated 0 migrations (execution time 00:00.006s)
2025-08-26T16:49:28.141+02:00  WARN 66541 --- [heroesofddd] [restartedMain] [                                                 ] o.f.core.internal.command.DbValidate     : No migrations found. Are your locations set up correctly?
2025-08-26T16:49:28.159+02:00  INFO 66541 --- [heroesofddd] [restartedMain] [                                                 ] o.f.core.internal.command.DbMigrate      : Current version of schema "public": << Empty Schema >>
2025-08-26T16:49:28.160+02:00  INFO 66541 --- [heroesofddd] [restartedMain] [                                                 ] o.f.core.internal.command.DbMigrate      : Schema "public" is up to date. No migration necessary.
2025-08-26T16:49:28.189+02:00  INFO 66541 --- [heroesofddd] [restartedMain] [                                                 ] o.hibernate.jpa.internal.util.LogHelper  : HHH000204: Processing PersistenceUnitInfo [name: default]
2025-08-26T16:49:28.202+02:00  INFO 66541 --- [heroesofddd] [restartedMain] [                                                 ] org.hibernate.Version                    : HHH000412: Hibernate ORM core version 6.6.22.Final
2025-08-26T16:49:28.210+02:00  INFO 66541 --- [heroesofddd] [restartedMain] [                                                 ] o.h.c.internal.RegionFactoryInitiator    : HHH000026: Second-level cache disabled
2025-08-26T16:49:28.288+02:00  INFO 66541 --- [heroesofddd] [restartedMain] [                                                 ] o.s.o.j.p.SpringPersistenceUnitInfo      : No LoadTimeWeaver setup: ignoring JPA class transformer
2025-08-26T16:49:28.305+02:00  WARN 66541 --- [heroesofddd] [restartedMain] [                                                 ] org.hibernate.orm.deprecation            : HHH90000025: PostgreSQLDialect does not need to be specified explicitly using 'hibernate.dialect' (remove the property setting and it will be selected by default)
2025-08-26T16:49:28.309+02:00  INFO 66541 --- [heroesofddd] [restartedMain] [                                                 ] org.hibernate.orm.connections.pooling    : HHH10001005: Database info:
	Database JDBC URL [Connecting through datasource 'HikariDataSource (HikariPool-1)']
	Database driver: undefined/unknown
	Database version: 16.9
	Autocommit mode: undefined/unknown
	Isolation level: undefined/unknown
	Minimum pool size: undefined/unknown
	Maximum pool size: undefined/unknown
2025-08-26T16:49:28.604+02:00  INFO 66541 --- [heroesofddd] [restartedMain] [                                                 ] o.h.e.t.j.p.i.JtaPlatformInitiator       : HHH000489: No JTA platform available (set 'hibernate.transaction.jta.platform' to enable JTA platform integration)
2025-08-26T16:49:28.635+02:00  WARN 66541 --- [heroesofddd] [restartedMain] [                                                 ] o.h.t.s.i.ExceptionHandlerLoggedImpl     : GenerationTarget encountered exception accepting command : Error executing DDL "create index idx_game_id on read_model_dwelling (game_id)" via JDBC [ERROR: relation "idx_game_id" already exists]

org.hibernate.tool.schema.spi.CommandAcceptanceException: Error executing DDL "create index idx_game_id on read_model_dwelling (game_id)" via JDBC [ERROR: relation "idx_game_id" already exists]
	at org.hibernate.tool.schema.internal.exec.GenerationTargetToDatabase.accept(GenerationTargetToDatabase.java:94) ~[hibernate-core-6.6.22.Final.jar:6.6.22.Final]
	at org.hibernate.tool.schema.internal.AbstractSchemaMigrator.applySqlString(AbstractSchemaMigrator.java:576) ~[hibernate-core-6.6.22.Final.jar:6.6.22.Final]
	at org.hibernate.tool.schema.internal.AbstractSchemaMigrator.applySqlStrings(AbstractSchemaMigrator.java:516) ~[hibernate-core-6.6.22.Final.jar:6.6.22.Final]
	at org.hibernate.tool.schema.internal.AbstractSchemaMigrator.applyIndexes(AbstractSchemaMigrator.java:361) ~[hibernate-core-6.6.22.Final.jar:6.6.22.Final]
	at org.hibernate.tool.schema.internal.GroupedSchemaMigratorImpl.performTablesMigration(GroupedSchemaMigratorImpl.java:96) ~[hibernate-core-6.6.22.Final.jar:6.6.22.Final]
	at org.hibernate.tool.schema.internal.AbstractSchemaMigrator.performMigration(AbstractSchemaMigrator.java:233) ~[hibernate-core-6.6.22.Final.jar:6.6.22.Final]
	at org.hibernate.tool.schema.internal.AbstractSchemaMigrator.doMigration(AbstractSchemaMigrator.java:112) ~[hibernate-core-6.6.22.Final.jar:6.6.22.Final]
	at org.hibernate.tool.schema.spi.SchemaManagementToolCoordinator.performDatabaseAction(SchemaManagementToolCoordinator.java:280) ~[hibernate-core-6.6.22.Final.jar:6.6.22.Final]
	at org.hibernate.tool.schema.spi.SchemaManagementToolCoordinator.lambda$process$5(SchemaManagementToolCoordinator.java:144) ~[hibernate-core-6.6.22.Final.jar:6.6.22.Final]
	at java.base/java.util.HashMap.forEach(HashMap.java:1430) ~[na:na]
	at org.hibernate.tool.schema.spi.SchemaManagementToolCoordinator.process(SchemaManagementToolCoordinator.java:141) ~[hibernate-core-6.6.22.Final.jar:6.6.22.Final]
	at org.hibernate.boot.internal.SessionFactoryObserverForSchemaExport.sessionFactoryCreated(SessionFactoryObserverForSchemaExport.java:37) ~[hibernate-core-6.6.22.Final.jar:6.6.22.Final]
	at org.hibernate.internal.SessionFactoryObserverChain.sessionFactoryCreated(SessionFactoryObserverChain.java:35) ~[hibernate-core-6.6.22.Final.jar:6.6.22.Final]
	at org.hibernate.internal.SessionFactoryImpl.<init>(SessionFactoryImpl.java:324) ~[hibernate-core-6.6.22.Final.jar:6.6.22.Final]
	at org.hibernate.boot.internal.SessionFactoryBuilderImpl.build(SessionFactoryBuilderImpl.java:463) ~[hibernate-core-6.6.22.Final.jar:6.6.22.Final]
	at org.hibernate.jpa.boot.internal.EntityManagerFactoryBuilderImpl.build(EntityManagerFactoryBuilderImpl.java:1517) ~[hibernate-core-6.6.22.Final.jar:6.6.22.Final]
	at org.springframework.orm.jpa.vendor.SpringHibernateJpaPersistenceProvider.createContainerEntityManagerFactory(SpringHibernateJpaPersistenceProvider.java:66) ~[spring-orm-6.2.9.jar:6.2.9]
	at org.springframework.orm.jpa.LocalContainerEntityManagerFactoryBean.createNativeEntityManagerFactory(LocalContainerEntityManagerFactoryBean.java:390) ~[spring-orm-6.2.9.jar:6.2.9]
	at org.springframework.orm.jpa.AbstractEntityManagerFactoryBean.buildNativeEntityManagerFactory(AbstractEntityManagerFactoryBean.java:419) ~[spring-orm-6.2.9.jar:6.2.9]
	at org.springframework.orm.jpa.AbstractEntityManagerFactoryBean.afterPropertiesSet(AbstractEntityManagerFactoryBean.java:400) ~[spring-orm-6.2.9.jar:6.2.9]
	at org.springframework.orm.jpa.LocalContainerEntityManagerFactoryBean.afterPropertiesSet(LocalContainerEntityManagerFactoryBean.java:366) ~[spring-orm-6.2.9.jar:6.2.9]
	at org.springframework.beans.factory.support.AbstractAutowireCapableBeanFactory.invokeInitMethods(AbstractAutowireCapableBeanFactory.java:1873) ~[spring-beans-6.2.9.jar:6.2.9]
	at org.springframework.beans.factory.support.AbstractAutowireCapableBeanFactory.initializeBean(AbstractAutowireCapableBeanFactory.java:1822) ~[spring-beans-6.2.9.jar:6.2.9]
	at org.springframework.beans.factory.support.AbstractAutowireCapableBeanFactory.doCreateBean(AbstractAutowireCapableBeanFactory.java:607) ~[spring-beans-6.2.9.jar:6.2.9]
	at org.springframework.beans.factory.support.AbstractAutowireCapableBeanFactory.createBean(AbstractAutowireCapableBeanFactory.java:529) ~[spring-beans-6.2.9.jar:6.2.9]
	at org.springframework.beans.factory.support.AbstractBeanFactory.lambda$doGetBean$0(AbstractBeanFactory.java:339) ~[spring-beans-6.2.9.jar:6.2.9]
	at org.springframework.beans.factory.support.DefaultSingletonBeanRegistry.getSingleton(DefaultSingletonBeanRegistry.java:373) ~[spring-beans-6.2.9.jar:6.2.9]
	at org.springframework.beans.factory.support.AbstractBeanFactory.doGetBean(AbstractBeanFactory.java:337) ~[spring-beans-6.2.9.jar:6.2.9]
	at org.springframework.beans.factory.support.AbstractBeanFactory.getBean(AbstractBeanFactory.java:207) ~[spring-beans-6.2.9.jar:6.2.9]
	at org.springframework.context.support.AbstractApplicationContext.finishBeanFactoryInitialization(AbstractApplicationContext.java:970) ~[spring-context-6.2.9.jar:6.2.9]
	at org.springframework.context.support.AbstractApplicationContext.refresh(AbstractApplicationContext.java:627) ~[spring-context-6.2.9.jar:6.2.9]
	at org.springframework.boot.SpringApplication.refresh(SpringApplication.java:752) ~[spring-boot-3.5.4.jar:3.5.4]
	at org.springframework.boot.SpringApplication.refreshContext(SpringApplication.java:439) ~[spring-boot-3.5.4.jar:3.5.4]
	at org.springframework.boot.SpringApplication.run(SpringApplication.java:318) ~[spring-boot-3.5.4.jar:3.5.4]
	at org.springframework.boot.SpringApplication.run(SpringApplication.java:1361) ~[spring-boot-3.5.4.jar:3.5.4]
	at org.springframework.boot.SpringApplication.run(SpringApplication.java:1350) ~[spring-boot-3.5.4.jar:3.5.4]
	at com.dddheroes.heroesofddd.HeroesOfDDDApplication.main(HeroesOfDDDApplication.java:10) ~[classes/:na]
	at java.base/jdk.internal.reflect.DirectMethodHandleAccessor.invoke(DirectMethodHandleAccessor.java:103) ~[na:na]
	at java.base/java.lang.reflect.Method.invoke(Method.java:580) ~[na:na]
	at org.springframework.boot.devtools.restart.RestartLauncher.run(RestartLauncher.java:50) ~[spring-boot-devtools-3.5.4.jar:3.5.4]
Caused by: org.postgresql.util.PSQLException: ERROR: relation "idx_game_id" already exists
	at org.postgresql.core.v3.QueryExecutorImpl.receiveErrorResponse(QueryExecutorImpl.java:2734) ~[postgresql-42.7.7.jar:42.7.7]
	at org.postgresql.core.v3.QueryExecutorImpl.processResults(QueryExecutorImpl.java:2421) ~[postgresql-42.7.7.jar:42.7.7]
	at org.postgresql.core.v3.QueryExecutorImpl.execute(QueryExecutorImpl.java:372) ~[postgresql-42.7.7.jar:42.7.7]
	at org.postgresql.jdbc.PgStatement.executeInternal(PgStatement.java:518) ~[postgresql-42.7.7.jar:42.7.7]
	at org.postgresql.jdbc.PgStatement.execute(PgStatement.java:435) ~[postgresql-42.7.7.jar:42.7.7]
	at org.postgresql.jdbc.PgStatement.executeWithFlags(PgStatement.java:357) ~[postgresql-42.7.7.jar:42.7.7]
	at org.postgresql.jdbc.PgStatement.executeCachedSql(PgStatement.java:342) ~[postgresql-42.7.7.jar:42.7.7]
	at org.postgresql.jdbc.PgStatement.executeWithFlags(PgStatement.java:318) ~[postgresql-42.7.7.jar:42.7.7]
	at org.postgresql.jdbc.PgStatement.execute(PgStatement.java:313) ~[postgresql-42.7.7.jar:42.7.7]
	at com.zaxxer.hikari.pool.ProxyStatement.execute(ProxyStatement.java:95) ~[HikariCP-6.3.1.jar:na]
	at com.zaxxer.hikari.pool.HikariProxyStatement.execute(HikariProxyStatement.java) ~[HikariCP-6.3.1.jar:na]
	at org.hibernate.tool.schema.internal.exec.GenerationTargetToDatabase.accept(GenerationTargetToDatabase.java:80) ~[hibernate-core-6.6.22.Final.jar:6.6.22.Final]
	... 39 common frames omitted

2025-08-26T16:49:28.637+02:00  INFO 66541 --- [heroesofddd] [restartedMain] [                                                 ] j.LocalContainerEntityManagerFactoryBean : Initialized JPA EntityManagerFactory for persistence unit 'default'
2025-08-26T16:49:28.672+02:00  WARN 66541 --- [heroesofddd] [restartedMain] [                                                 ] ConsoleAutoConfiguration$$SpringCGLIB$$0 : The credentials for the connection to AxonIQ Console don't have the right format. Please provide them as instructed through the 'axoniq.console.credentials' property.
2025-08-26T16:49:28.945+02:00  INFO 66541 --- [heroesofddd] [restartedMain] [                                                 ] o.s.a.m.s.a.McpServerAutoConfiguration   : Enable tools capabilities, notification: true
2025-08-26T16:49:28.954+02:00  INFO 66541 --- [heroesofddd] [restartedMain] [                                                 ] o.s.a.m.s.a.McpServerAutoConfiguration   : Registered tools: 4
2025-08-26T16:49:28.954+02:00  INFO 66541 --- [heroesofddd] [restartedMain] [                                                 ] o.s.a.m.s.a.McpServerAutoConfiguration   : Enable resources capabilities, notification: true
2025-08-26T16:49:28.954+02:00  INFO 66541 --- [heroesofddd] [restartedMain] [                                                 ] o.s.a.m.s.a.McpServerAutoConfiguration   : Registered resources: 1
2025-08-26T16:49:28.954+02:00  INFO 66541 --- [heroesofddd] [restartedMain] [                                                 ] o.s.a.m.s.a.McpServerAutoConfiguration   : Enable prompts capabilities, notification: true
2025-08-26T16:49:28.954+02:00  INFO 66541 --- [heroesofddd] [restartedMain] [                                                 ] o.s.a.m.s.a.McpServerAutoConfiguration   : Enable completions capabilities
2025-08-26T16:49:29.078+02:00  INFO 66541 --- [heroesofddd] [restartedMain] [                                                 ] o.s.b.d.a.OptionalLiveReloadServer       : LiveReload server is running on port 35729
2025-08-26T16:49:29.132+02:00  INFO 66541 --- [heroesofddd] [restartedMain] [                                                 ] o.axonframework.updates.UpdateChecker    : Your AxonIQ libraries will be checked for updates periodically. See https://www.axoniq.io/update-check for more information.
2025-08-26T16:49:29.222+02:00  INFO 66541 --- [heroesofddd] [restartedMain] [                                                 ] i.a.a.c.impl.AxonServerManagedChannel    : Requesting connection details from localhost:8124
2025-08-26T16:49:29.295+02:00  INFO 66541 --- [heroesofddd] [restartedMain] [                                                 ] i.a.a.c.impl.AxonServerManagedChannel    : Successfully connected to localhost:8124
2025-08-26T16:49:29.298+02:00  INFO 66541 --- [heroesofddd] [restartedMain] [                                                 ] i.a.a.connector.impl.ControlChannelImpl  : Connected instruction stream for context 'default'. Sending client identification
2025-08-26T16:49:29.301+02:00  INFO 66541 --- [heroesofddd] [restartedMain] [                                                 ] i.a.a.c.command.impl.CommandChannelImpl  : CommandChannel for context 'default' connected, 0 command handlers registered
2025-08-26T16:49:29.302+02:00  INFO 66541 --- [heroesofddd] [restartedMain] [                                                 ] i.a.a.c.command.impl.CommandChannelImpl  : Registered handler for command 'com.dddheroes.heroesofddd.armies.write.removecreature.RemoveCreatureFromArmy' in context 'default'
2025-08-26T16:49:29.303+02:00  INFO 66541 --- [heroesofddd] [restartedMain] [                                                 ] i.a.a.c.command.impl.CommandChannelImpl  : Registered handler for command 'com.dddheroes.heroesofddd.armies.write.addcreature.AddCreatureToArmy' in context 'default'
2025-08-26T16:49:29.303+02:00  INFO 66541 --- [heroesofddd] [restartedMain] [                                                 ] i.a.a.c.command.impl.CommandChannelImpl  : Registered handler for command 'com.dddheroes.heroesofddd.resourcespool.write.withdraw.WithdrawResources' in context 'default'
2025-08-26T16:49:29.303+02:00  INFO 66541 --- [heroesofddd] [restartedMain] [                                                 ] i.a.a.c.command.impl.CommandChannelImpl  : Registered handler for command 'com.dddheroes.heroesofddd.resourcespool.write.deposit.DepositResources' in context 'default'
2025-08-26T16:49:29.304+02:00  INFO 66541 --- [heroesofddd] [restartedMain] [                                                 ] i.a.a.c.command.impl.CommandChannelImpl  : Registered handler for command 'com.dddheroes.heroesofddd.astrologers.write.proclaimweeksymbol.ProclaimWeekSymbol' in context 'default'
2025-08-26T16:49:29.304+02:00  INFO 66541 --- [heroesofddd] [restartedMain] [                                                 ] i.a.a.c.command.impl.CommandChannelImpl  : Registered handler for command 'com.dddheroes.heroesofddd.creaturerecruitment.write.builddwelling.BuildDwelling' in context 'default'
2025-08-26T16:49:29.304+02:00  INFO 66541 --- [heroesofddd] [restartedMain] [                                                 ] i.a.a.c.command.impl.CommandChannelImpl  : Registered handler for command 'com.dddheroes.heroesofddd.creaturerecruitment.write.changeavailablecreatures.IncreaseAvailableCreatures' in context 'default'
2025-08-26T16:49:29.304+02:00  INFO 66541 --- [heroesofddd] [restartedMain] [                                                 ] i.a.a.c.command.impl.CommandChannelImpl  : Registered handler for command 'com.dddheroes.heroesofddd.creaturerecruitment.write.recruitcreature.RecruitCreature' in context 'default'
2025-08-26T16:49:29.304+02:00  INFO 66541 --- [heroesofddd] [restartedMain] [                                                 ] i.a.a.c.command.impl.CommandChannelImpl  : Registered handler for command 'com.dddheroes.heroesofddd.calendar.write.finishday.FinishDay' in context 'default'
2025-08-26T16:49:29.304+02:00  INFO 66541 --- [heroesofddd] [restartedMain] [                                                 ] i.a.a.c.command.impl.CommandChannelImpl  : Registered handler for command 'com.dddheroes.heroesofddd.calendar.write.startday.StartDay' in context 'default'
2025-08-26T16:49:29.310+02:00  INFO 66541 --- [heroesofddd] [restartedMain] [                                                 ] i.a.a.c.query.impl.QueryChannelImpl      : QueryChannel for context 'default' connected, 0 registrations resubscribed
2025-08-26T16:49:29.312+02:00  INFO 66541 --- [heroesofddd] [restartedMain] [                                                 ] i.a.a.c.query.impl.QueryChannelImpl      : Registered handler for query 'com.dddheroes.heroesofddd.creaturerecruitment.read.getalldwellings.GetAllDwellings : com.dddheroes.heroesofddd.creaturerecruitment.read.getalldwellings.GetAllDwellings$Result' in context 'default'
2025-08-26T16:49:29.313+02:00  INFO 66541 --- [heroesofddd] [restartedMain] [                                                 ] i.a.a.c.query.impl.QueryChannelImpl      : Registered handler for query 'com.dddheroes.heroesofddd.creaturerecruitment.read.getdwellingbyid.GetDwellingById : com.dddheroes.heroesofddd.creaturerecruitment.read.DwellingReadModel' in context 'default'
2025-08-26T16:49:29.313+02:00  INFO 66541 --- [heroesofddd] [restartedMain] [                                                 ] o.a.e.p.PooledStreamingEventProcessor    : Starting PooledStreamingEventProcessor [ReadModel_Dwelling].
2025-08-26T16:49:29.440+02:00  INFO 66541 --- [heroesofddd] [restartedMain] [                                                 ] o.a.e.p.PooledStreamingEventProcessor    : Starting PooledStreamingEventProcessor [Automation_WhenCreatureRecruitedThenAddToArmy_Processor].
2025-08-26T16:49:29.442+02:00  INFO 66541 --- [heroesofddd] [restartedMain] [                                                 ] o.a.e.p.PooledStreamingEventProcessor    : Starting PooledStreamingEventProcessor [Automation_WhenWeekStartedThenProclaimWeekSymbol_Processor].
2025-08-26T16:49:29.475+02:00  INFO 66541 --- [heroesofddd] [restartedMain] [                                                 ] o.s.s.config.TaskSchedulerRouter         : No TaskScheduler/ScheduledExecutorService bean found for scheduled processing
2025-08-26T16:49:29.476+02:00  INFO 66541 --- [heroesofddd] [Coordinator[ReadModel_Dwelling]-0] [                                                 ] o.a.eventhandling.pooled.Coordinator     : Processor [ReadModel_Dwelling] claimed the token for segment 0.
2025-08-26T16:49:29.477+02:00  INFO 66541 --- [heroesofddd] [restartedMain] [                                                 ] c.d.heroesofddd.HeroesOfDDDApplication   : Started HeroesOfDDDApplication in 2.864 seconds (process running for 3.084)
2025-08-26T16:49:29.481+02:00  INFO 66541 --- [heroesofddd] [Coordinator[ReadModel_Dwelling]-0] [                                                 ] o.a.eventhandling.pooled.Coordinator     : Processor [ReadModel_Dwelling] claimed the token for segment 1.
2025-08-26T16:49:29.482+02:00  INFO 66541 --- [heroesofddd] [Coordinator[Automation_WhenWeekStartedThenProclaimWeekSymbol_Processor]-0] [                                                 ] o.a.eventhandling.pooled.Coordinator     : Processor [Automation_WhenWeekStartedThenProclaimWeekSymbol_Processor] claimed the token for segment 0.
2025-08-26T16:49:29.482+02:00  INFO 66541 --- [heroesofddd] [Coordinator[Automation_WhenCreatureRecruitedThenAddToArmy_Processor]-0] [                                                 ] o.a.eventhandling.pooled.Coordinator     : Processor [Automation_WhenCreatureRecruitedThenAddToArmy_Processor] claimed the token for segment 0.
2025-08-26T16:49:29.483+02:00  INFO 66541 --- [heroesofddd] [Coordinator[ReadModel_Dwelling]-0] [                                                 ] o.a.eventhandling.pooled.Coordinator     : Processor [ReadModel_Dwelling] claimed 2 new segments for processing
2025-08-26T16:49:29.486+02:00  INFO 66541 --- [heroesofddd] [Coordinator[Automation_WhenCreatureRecruitedThenAddToArmy_Processor]-0] [                                                 ] o.a.eventhandling.pooled.Coordinator     : Processor [Automation_WhenCreatureRecruitedThenAddToArmy_Processor] claimed the token for segment 1.
2025-08-26T16:49:29.486+02:00  INFO 66541 --- [heroesofddd] [Coordinator[Automation_WhenWeekStartedThenProclaimWeekSymbol_Processor]-0] [                                                 ] o.a.eventhandling.pooled.Coordinator     : Processor [Automation_WhenWeekStartedThenProclaimWeekSymbol_Processor] claimed the token for segment 1.
2025-08-26T16:49:29.490+02:00  INFO 66541 --- [heroesofddd] [Coordinator[Automation_WhenCreatureRecruitedThenAddToArmy_Processor]-0] [                                                 ] o.a.eventhandling.pooled.Coordinator     : Processor [Automation_WhenCreatureRecruitedThenAddToArmy_Processor] claimed the token for segment 2.
2025-08-26T16:49:29.490+02:00  INFO 66541 --- [heroesofddd] [Coordinator[Automation_WhenWeekStartedThenProclaimWeekSymbol_Processor]-0] [                                                 ] o.a.eventhandling.pooled.Coordinator     : Processor [Automation_WhenWeekStartedThenProclaimWeekSymbol_Processor] claimed the token for segment 2.
2025-08-26T16:49:29.494+02:00  INFO 66541 --- [heroesofddd] [Coordinator[Automation_WhenWeekStartedThenProclaimWeekSymbol_Processor]-0] [                                                 ] o.a.eventhandling.pooled.Coordinator     : Processor [Automation_WhenWeekStartedThenProclaimWeekSymbol_Processor] claimed the token for segment 3.
2025-08-26T16:49:29.494+02:00  INFO 66541 --- [heroesofddd] [Coordinator[Automation_WhenCreatureRecruitedThenAddToArmy_Processor]-0] [                                                 ] o.a.eventhandling.pooled.Coordinator     : Processor [Automation_WhenCreatureRecruitedThenAddToArmy_Processor] claimed the token for segment 3.
2025-08-26T16:49:29.497+02:00  INFO 66541 --- [heroesofddd] [Coordinator[Automation_WhenWeekStartedThenProclaimWeekSymbol_Processor]-0] [                                                 ] o.a.eventhandling.pooled.Coordinator     : Processor [Automation_WhenWeekStartedThenProclaimWeekSymbol_Processor] claimed the token for segment 4.
2025-08-26T16:49:29.498+02:00  INFO 66541 --- [heroesofddd] [Coordinator[Automation_WhenCreatureRecruitedThenAddToArmy_Processor]-0] [                                                 ] o.a.eventhandling.pooled.Coordinator     : Processor [Automation_WhenCreatureRecruitedThenAddToArmy_Processor] claimed the token for segment 4.
2025-08-26T16:49:29.501+02:00  INFO 66541 --- [heroesofddd] [Coordinator[Automation_WhenCreatureRecruitedThenAddToArmy_Processor]-0] [                                                 ] o.a.eventhandling.pooled.Coordinator     : Processor [Automation_WhenCreatureRecruitedThenAddToArmy_Processor] claimed the token for segment 5.
2025-08-26T16:49:29.501+02:00  INFO 66541 --- [heroesofddd] [Coordinator[Automation_WhenWeekStartedThenProclaimWeekSymbol_Processor]-0] [                                                 ] o.a.eventhandling.pooled.Coordinator     : Processor [Automation_WhenWeekStartedThenProclaimWeekSymbol_Processor] claimed the token for segment 5.
2025-08-26T16:49:29.505+02:00  INFO 66541 --- [heroesofddd] [Coordinator[Automation_WhenCreatureRecruitedThenAddToArmy_Processor]-0] [                                                 ] o.a.eventhandling.pooled.Coordinator     : Processor [Automation_WhenCreatureRecruitedThenAddToArmy_Processor] claimed the token for segment 6.
2025-08-26T16:49:29.505+02:00  INFO 66541 --- [heroesofddd] [Coordinator[Automation_WhenWeekStartedThenProclaimWeekSymbol_Processor]-0] [                                                 ] o.a.eventhandling.pooled.Coordinator     : Processor [Automation_WhenWeekStartedThenProclaimWeekSymbol_Processor] claimed the token for segment 6.
2025-08-26T16:49:29.508+02:00  INFO 66541 --- [heroesofddd] [Coordinator[Automation_WhenCreatureRecruitedThenAddToArmy_Processor]-0] [                                                 ] o.a.eventhandling.pooled.Coordinator     : Processor [Automation_WhenCreatureRecruitedThenAddToArmy_Processor] claimed the token for segment 7.
2025-08-26T16:49:29.508+02:00  INFO 66541 --- [heroesofddd] [Coordinator[Automation_WhenWeekStartedThenProclaimWeekSymbol_Processor]-0] [                                                 ] o.a.eventhandling.pooled.Coordinator     : Processor [Automation_WhenWeekStartedThenProclaimWeekSymbol_Processor] claimed the token for segment 7.
2025-08-26T16:49:29.512+02:00  INFO 66541 --- [heroesofddd] [Coordinator[Automation_WhenCreatureRecruitedThenAddToArmy_Processor]-0] [                                                 ] o.a.eventhandling.pooled.Coordinator     : Processor [Automation_WhenCreatureRecruitedThenAddToArmy_Processor] claimed the token for segment 8.
2025-08-26T16:49:29.512+02:00  INFO 66541 --- [heroesofddd] [Coordinator[Automation_WhenWeekStartedThenProclaimWeekSymbol_Processor]-0] [                                                 ] o.a.eventhandling.pooled.Coordinator     : Processor [Automation_WhenWeekStartedThenProclaimWeekSymbol_Processor] claimed the token for segment 8.
2025-08-26T16:49:29.515+02:00  INFO 66541 --- [heroesofddd] [Coordinator[Automation_WhenCreatureRecruitedThenAddToArmy_Processor]-0] [                                                 ] o.a.eventhandling.pooled.Coordinator     : Processor [Automation_WhenCreatureRecruitedThenAddToArmy_Processor] claimed the token for segment 9.
2025-08-26T16:49:29.515+02:00  INFO 66541 --- [heroesofddd] [Coordinator[Automation_WhenWeekStartedThenProclaimWeekSymbol_Processor]-0] [                                                 ] o.a.eventhandling.pooled.Coordinator     : Processor [Automation_WhenWeekStartedThenProclaimWeekSymbol_Processor] claimed the token for segment 9.
2025-08-26T16:49:29.518+02:00  INFO 66541 --- [heroesofddd] [Coordinator[Automation_WhenCreatureRecruitedThenAddToArmy_Processor]-0] [                                                 ] o.a.eventhandling.pooled.Coordinator     : Processor [Automation_WhenCreatureRecruitedThenAddToArmy_Processor] claimed the token for segment 10.
2025-08-26T16:49:29.518+02:00  INFO 66541 --- [heroesofddd] [Coordinator[Automation_WhenWeekStartedThenProclaimWeekSymbol_Processor]-0] [                                                 ] o.a.eventhandling.pooled.Coordinator     : Processor [Automation_WhenWeekStartedThenProclaimWeekSymbol_Processor] claimed the token for segment 10.
2025-08-26T16:49:29.521+02:00  INFO 66541 --- [heroesofddd] [Coordinator[Automation_WhenCreatureRecruitedThenAddToArmy_Processor]-0] [                                                 ] o.a.eventhandling.pooled.Coordinator     : Processor [Automation_WhenCreatureRecruitedThenAddToArmy_Processor] claimed the token for segment 11.
2025-08-26T16:49:29.521+02:00  INFO 66541 --- [heroesofddd] [Coordinator[Automation_WhenWeekStartedThenProclaimWeekSymbol_Processor]-0] [                                                 ] o.a.eventhandling.pooled.Coordinator     : Processor [Automation_WhenWeekStartedThenProclaimWeekSymbol_Processor] claimed the token for segment 11.
2025-08-26T16:49:29.523+02:00  INFO 66541 --- [heroesofddd] [Coordinator[Automation_WhenCreatureRecruitedThenAddToArmy_Processor]-0] [                                                 ] o.a.eventhandling.pooled.Coordinator     : Processor [Automation_WhenCreatureRecruitedThenAddToArmy_Processor] claimed the token for segment 12.
2025-08-26T16:49:29.524+02:00  INFO 66541 --- [heroesofddd] [Coordinator[Automation_WhenWeekStartedThenProclaimWeekSymbol_Processor]-0] [                                                 ] o.a.eventhandling.pooled.Coordinator     : Processor [Automation_WhenWeekStartedThenProclaimWeekSymbol_Processor] claimed the token for segment 12.
2025-08-26T16:49:29.526+02:00  INFO 66541 --- [heroesofddd] [Coordinator[Automation_WhenCreatureRecruitedThenAddToArmy_Processor]-0] [                                                 ] o.a.eventhandling.pooled.Coordinator     : Processor [Automation_WhenCreatureRecruitedThenAddToArmy_Processor] claimed the token for segment 13.
2025-08-26T16:49:29.527+02:00  INFO 66541 --- [heroesofddd] [Coordinator[Automation_WhenWeekStartedThenProclaimWeekSymbol_Processor]-0] [                                                 ] o.a.eventhandling.pooled.Coordinator     : Processor [Automation_WhenWeekStartedThenProclaimWeekSymbol_Processor] claimed the token for segment 13.
2025-08-26T16:49:29.529+02:00  INFO 66541 --- [heroesofddd] [Coordinator[Automation_WhenWeekStartedThenProclaimWeekSymbol_Processor]-0] [                                                 ] o.a.eventhandling.pooled.Coordinator     : Processor [Automation_WhenWeekStartedThenProclaimWeekSymbol_Processor] claimed the token for segment 14.
2025-08-26T16:49:29.529+02:00  INFO 66541 --- [heroesofddd] [Coordinator[Automation_WhenCreatureRecruitedThenAddToArmy_Processor]-0] [                                                 ] o.a.eventhandling.pooled.Coordinator     : Processor [Automation_WhenCreatureRecruitedThenAddToArmy_Processor] claimed the token for segment 14.
2025-08-26T16:49:29.532+02:00  INFO 66541 --- [heroesofddd] [Coordinator[Automation_WhenCreatureRecruitedThenAddToArmy_Processor]-0] [                                                 ] o.a.eventhandling.pooled.Coordinator     : Processor [Automation_WhenCreatureRecruitedThenAddToArmy_Processor] claimed the token for segment 15.
2025-08-26T16:49:29.532+02:00  INFO 66541 --- [heroesofddd] [Coordinator[Automation_WhenCreatureRecruitedThenAddToArmy_Processor]-0] [                                                 ] o.a.eventhandling.pooled.Coordinator     : Processor [Automation_WhenCreatureRecruitedThenAddToArmy_Processor] claimed 16 new segments for processing
2025-08-26T16:49:29.532+02:00  INFO 66541 --- [heroesofddd] [Coordinator[Automation_WhenWeekStartedThenProclaimWeekSymbol_Processor]-0] [                                                 ] o.a.eventhandling.pooled.Coordinator     : Processor [Automation_WhenWeekStartedThenProclaimWeekSymbol_Processor] claimed the token for segment 15.
2025-08-26T16:49:29.532+02:00  INFO 66541 --- [heroesofddd] [Coordinator[Automation_WhenWeekStartedThenProclaimWeekSymbol_Processor]-0] [                                                 ] o.a.eventhandling.pooled.Coordinator     : Processor [Automation_WhenWeekStartedThenProclaimWeekSymbol_Processor] claimed 16 new segments for processing
2025-08-26T16:49:30.517+02:00  INFO 66541 --- [heroesofddd] [pool-2-thread-1] [                                                 ] o.a.u.LoggingUpdateCheckerReporter       : AxonIQ has found the following dependency upgrade(s):
2025-08-26T16:49:30.518+02:00  INFO 66541 --- [heroesofddd] [pool-2-thread-1] [                                                 ] o.a.u.LoggingUpdateCheckerReporter       : io.axoniq:axonserver-connector-java............................. 2024.2.4 -> 2025.1.1
2025-08-26T16:49:30.519+02:00  INFO 66541 --- [heroesofddd] [pool-2-thread-1] [                                                 ] o.a.u.LoggingUpdateCheckerReporter       : io.axoniq.console:console-framework-client-spring-boot-starter.. 1.9.3    -> 1.10.0
2025-08-26T16:49:30.519+02:00  INFO 66541 --- [heroesofddd] [pool-2-thread-1] [                                                 ] o.a.u.LoggingUpdateCheckerReporter       : io.axoniq.console:console-framework-client-api.................. 1.9.3    -> 1.10.0
2025-08-26T16:49:30.519+02:00  INFO 66541 --- [heroesofddd] [pool-2-thread-1] [                                                 ] o.a.u.LoggingUpdateCheckerReporter       : io.axoniq.console:console-framework-client...................... 1.9.3    -> 1.10.0
2025-08-26T16:49:30.519+02:00  INFO 66541 --- [heroesofddd] [pool-2-thread-1] [                                                 ] o.a.u.LoggingUpdateCheckerReporter       : No vulnerabilities have been found in your Axon libraries.
2025-08-26T16:50:10.471+02:00  INFO 66541 --- [heroesofddd] [SpringApplicationShutdownHook] [                                                 ] o.a.e.p.PooledStreamingEventProcessor    : Stopping PooledStreamingEventProcessor [ReadModel_Dwelling]
2025-08-26T16:50:10.472+02:00  INFO 66541 --- [heroesofddd] [SpringApplicationShutdownHook] [                                                 ] o.a.e.p.PooledStreamingEventProcessor    : Stopping PooledStreamingEventProcessor [Automation_WhenCreatureRecruitedThenAddToArmy_Processor]
2025-08-26T16:50:10.472+02:00  INFO 66541 --- [heroesofddd] [SpringApplicationShutdownHook] [                                                 ] o.a.e.p.PooledStreamingEventProcessor    : Stopping PooledStreamingEventProcessor [Automation_WhenWeekStartedThenProclaimWeekSymbol_Processor]
2025-08-26T16:50:10.491+02:00  INFO 66541 --- [heroesofddd] [SpringApplicationShutdownHook] [                                                 ] i.a.a.c.command.impl.CommandChannelImpl  : Deregistered handler for command 'com.dddheroes.heroesofddd.armies.write.removecreature.RemoveCreatureFromArmy' in context 'default'
2025-08-26T16:50:10.491+02:00  INFO 66541 --- [heroesofddd] [SpringApplicationShutdownHook] [                                                 ] i.a.a.c.command.impl.CommandChannelImpl  : Deregistered handler for command 'com.dddheroes.heroesofddd.armies.write.addcreature.AddCreatureToArmy' in context 'default'
2025-08-26T16:50:10.491+02:00  INFO 66541 --- [heroesofddd] [SpringApplicationShutdownHook] [                                                 ] i.a.a.c.command.impl.CommandChannelImpl  : Deregistered handler for command 'com.dddheroes.heroesofddd.resourcespool.write.withdraw.WithdrawResources' in context 'default'
2025-08-26T16:50:10.491+02:00  INFO 66541 --- [heroesofddd] [SpringApplicationShutdownHook] [                                                 ] i.a.a.c.command.impl.CommandChannelImpl  : Deregistered handler for command 'com.dddheroes.heroesofddd.resourcespool.write.deposit.DepositResources' in context 'default'
2025-08-26T16:50:10.491+02:00  INFO 66541 --- [heroesofddd] [SpringApplicationShutdownHook] [                                                 ] i.a.a.c.command.impl.CommandChannelImpl  : Deregistered handler for command 'com.dddheroes.heroesofddd.astrologers.write.proclaimweeksymbol.ProclaimWeekSymbol' in context 'default'
2025-08-26T16:50:10.491+02:00  INFO 66541 --- [heroesofddd] [SpringApplicationShutdownHook] [                                                 ] i.a.a.c.command.impl.CommandChannelImpl  : Deregistered handler for command 'com.dddheroes.heroesofddd.creaturerecruitment.write.builddwelling.BuildDwelling' in context 'default'
2025-08-26T16:50:10.491+02:00  INFO 66541 --- [heroesofddd] [SpringApplicationShutdownHook] [                                                 ] i.a.a.c.command.impl.CommandChannelImpl  : Deregistered handler for command 'com.dddheroes.heroesofddd.creaturerecruitment.write.changeavailablecreatures.IncreaseAvailableCreatures' in context 'default'
2025-08-26T16:50:10.491+02:00  INFO 66541 --- [heroesofddd] [SpringApplicationShutdownHook] [                                                 ] i.a.a.c.command.impl.CommandChannelImpl  : Deregistered handler for command 'com.dddheroes.heroesofddd.creaturerecruitment.write.recruitcreature.RecruitCreature' in context 'default'
2025-08-26T16:50:10.491+02:00  INFO 66541 --- [heroesofddd] [SpringApplicationShutdownHook] [                                                 ] i.a.a.c.command.impl.CommandChannelImpl  : Deregistered handler for command 'com.dddheroes.heroesofddd.calendar.write.finishday.FinishDay' in context 'default'
2025-08-26T16:50:10.492+02:00  INFO 66541 --- [heroesofddd] [SpringApplicationShutdownHook] [                                                 ] i.a.a.c.command.impl.CommandChannelImpl  : Deregistered handler for command 'com.dddheroes.heroesofddd.calendar.write.startday.StartDay' in context 'default'
2025-08-26T16:50:11.448+02:00  INFO 66541 --- [heroesofddd] [SpringApplicationShutdownHook] [                                                 ] o.axonframework.updates.UpdateChecker    : Stopped the AxonIQ UpdateChecker. No further updates will be checked.
2025-08-26T16:50:11.463+02:00  INFO 66541 --- [heroesofddd] [SpringApplicationShutdownHook] [                                                 ] .s.m.e.c.DefaultEventPublicationRegistry : No publications outstanding!
2025-08-26T16:50:11.472+02:00  INFO 66541 --- [heroesofddd] [SpringApplicationShutdownHook] [                                                 ] j.LocalContainerEntityManagerFactoryBean : Closing JPA EntityManagerFactory for persistence unit 'default'
2025-08-26T16:50:11.474+02:00  INFO 66541 --- [heroesofddd] [SpringApplicationShutdownHook] [                                                 ] com.zaxxer.hikari.HikariDataSource       : HikariPool-1 - Shutdown initiated...
2025-08-26T16:50:11.475+02:00  INFO 66541 --- [heroesofddd] [SpringApplicationShutdownHook] [                                                 ] com.zaxxer.hikari.HikariDataSource       : HikariPool-1 - Shutdown completed.
2025-08-26T16:50:13.079+02:00  INFO 67338 --- [heroesofddd] [restartedMain] [                                                 ] c.d.heroesofddd.HeroesOfDDDApplication   : Starting HeroesOfDDDApplication using Java 23.0.2 with PID 67338 (/Users/mateusznowak/GitRepos/MateuszNaKodach/HeroesOfDomainDrivenDesign.EventSourcing.Java.Axon.Spring/target/classes started by mateusznowak in /Users/mateusznowak/GitRepos/MateuszNaKodach/HeroesOfDomainDrivenDesign.EventSourcing.Java.Axon.Spring)
2025-08-26T16:50:13.080+02:00  INFO 67338 --- [heroesofddd] [restartedMain] [                                                 ] c.d.heroesofddd.HeroesOfDDDApplication   : The following 2 profiles are active: "axonserver", "mcpstdio"
2025-08-26T16:50:13.098+02:00  INFO 67338 --- [heroesofddd] [restartedMain] [                                                 ] .e.DevToolsPropertyDefaultsPostProcessor : Devtools property defaults active! Set 'spring.devtools.add-properties' to 'false' to disable
2025-08-26T16:50:13.098+02:00  INFO 67338 --- [heroesofddd] [restartedMain] [                                                 ] .e.DevToolsPropertyDefaultsPostProcessor : For additional web related logging consider setting the 'logging.level.web' property to 'DEBUG'
2025-08-26T16:50:13.126+02:00  WARN 67338 --- [heroesofddd] [restartedMain] [                                                 ] o.s.c.annotation.AnnotationTypeMapping   : Support for convention-based annotation attribute overrides is deprecated and will be removed in Spring Framework 7.0. Please annotate the following attributes in @org.axonframework.spring.stereotype.Aggregate with appropriate @AliasFor declarations: [type]
2025-08-26T16:50:13.128+02:00  WARN 67338 --- [heroesofddd] [restartedMain] [                                                 ] o.s.c.annotation.AnnotationTypeMapping   : Support for convention-based annotation attribute overrides is deprecated and will be removed in Spring Framework 7.0. Please annotate the following attributes in @org.axonframework.commandhandling.CommandHandler with appropriate @AliasFor declarations: [payloadType]
2025-08-26T16:50:13.130+02:00  WARN 67338 --- [heroesofddd] [restartedMain] [                                                 ] o.s.c.annotation.AnnotationTypeMapping   : Support for convention-based annotation attribute overrides is deprecated and will be removed in Spring Framework 7.0. Please annotate the following attributes in @org.axonframework.eventsourcing.EventSourcingHandler with appropriate @AliasFor declarations: [payloadType]
2025-08-26T16:50:13.130+02:00  WARN 67338 --- [heroesofddd] [restartedMain] [                                                 ] o.s.c.annotation.AnnotationTypeMapping   : Support for convention-based annotation attribute overrides is deprecated and will be removed in Spring Framework 7.0. Please annotate the following attributes in @org.axonframework.eventsourcing.EventSourcingHandler with appropriate @AliasFor declarations: [payloadType]
2025-08-26T16:50:13.133+02:00  WARN 67338 --- [heroesofddd] [restartedMain] [                                                 ] o.s.c.annotation.AnnotationTypeMapping   : Support for convention-based annotation attribute overrides is deprecated and will be removed in Spring Framework 7.0. Please annotate the following attributes in @org.axonframework.eventhandling.EventHandler with appropriate @AliasFor declarations: [payloadType]
2025-08-26T16:50:13.546+02:00  INFO 67338 --- [heroesofddd] [restartedMain] [                                                 ] .s.d.r.c.RepositoryConfigurationDelegate : Bootstrapping Spring Data JPA repositories in DEFAULT mode.
2025-08-26T16:50:13.601+02:00  INFO 67338 --- [heroesofddd] [restartedMain] [                                                 ] .s.d.r.c.RepositoryConfigurationDelegate : Finished Spring Data repository scanning in 52 ms. Found 2 JPA repository interfaces.
2025-08-26T16:50:13.781+02:00  WARN 67338 --- [heroesofddd] [restartedMain] [                                                 ] trationDelegate$BeanPostProcessorChecker : Bean 'io.axoniq.console.framework.starter.AxoniqConsoleAutoConfiguration' of type [io.axoniq.console.framework.starter.AxoniqConsoleAutoConfiguration$$SpringCGLIB$$0] is not eligible for getting processed by all BeanPostProcessors (for example: not eligible for auto-proxying). The currently created BeanPostProcessor [axoniqConsoleSpanFactoryPostProcessor] is declared through a non-static factory method on that class; consider declaring it as static instead.
2025-08-26T16:50:13.790+02:00  INFO 67338 --- [heroesofddd] [SimpleAsyncTaskExecutor-1] [                                                 ] com.tngtech.archunit.core.PluginLoader   : Detected Java version 23.0.2
2025-08-26T16:50:14.319+02:00  WARN 67338 --- [heroesofddd] [restartedMain] [                                                 ] trationDelegate$BeanPostProcessorChecker : Bean 'spanMatcherPredicateMap' of type [io.axoniq.console.framework.messaging.SpanMatcherPredicateMap] is not eligible for getting processed by all BeanPostProcessors (for example: not eligible for auto-proxying). Is this bean getting eagerly injected/applied to a currently created BeanPostProcessor [axoniqConsoleSpanFactoryPostProcessor]? Check the corresponding BeanPostProcessor declaration and its dependencies/advisors. If this bean does not have to be post-processed, declare it with ROLE_INFRASTRUCTURE.
2025-08-26T16:50:14.323+02:00  WARN 67338 --- [heroesofddd] [restartedMain] [                                                 ] trationDelegate$BeanPostProcessorChecker : Bean 'stringOrNumberMigrationVersionConverter' of type [org.springframework.boot.autoconfigure.flyway.FlywayAutoConfiguration$StringOrNumberToMigrationVersionConverter] is not eligible for getting processed by all BeanPostProcessors (for example: not eligible for auto-proxying). Is this bean getting eagerly injected/applied to a currently created BeanPostProcessor [axoniqConsoleSpanFactoryPostProcessor]? Check the corresponding BeanPostProcessor declaration and its dependencies/advisors. If this bean does not have to be post-processed, declare it with ROLE_INFRASTRUCTURE.
2025-08-26T16:50:14.324+02:00  WARN 67338 --- [heroesofddd] [restartedMain] [                                                 ] trationDelegate$BeanPostProcessorChecker : Bean 'axoniq.console-io.axoniq.console.framework.starter.AxoniqConsoleSpringProperties' of type [io.axoniq.console.framework.starter.AxoniqConsoleSpringProperties] is not eligible for getting processed by all BeanPostProcessors (for example: not eligible for auto-proxying). Is this bean getting eagerly injected/applied to a currently created BeanPostProcessor [axoniqConsoleSpanFactoryPostProcessor]? Check the corresponding BeanPostProcessor declaration and its dependencies/advisors. If this bean does not have to be post-processed, declare it with ROLE_INFRASTRUCTURE.
2025-08-26T16:50:14.389+02:00  INFO 67338 --- [heroesofddd] [restartedMain] [                                                 ] com.zaxxer.hikari.HikariDataSource       : HikariPool-1 - Starting...
2025-08-26T16:50:14.443+02:00  INFO 67338 --- [heroesofddd] [restartedMain] [                                                 ] com.zaxxer.hikari.pool.HikariPool        : HikariPool-1 - Added connection org.postgresql.jdbc.PgConnection@65ec493f
2025-08-26T16:50:14.444+02:00  INFO 67338 --- [heroesofddd] [restartedMain] [                                                 ] com.zaxxer.hikari.HikariDataSource       : HikariPool-1 - Start completed.
2025-08-26T16:50:14.454+02:00  INFO 67338 --- [heroesofddd] [restartedMain] [                                                 ] org.flywaydb.core.FlywayExecutor         : Database: jdbc:postgresql://localhost:6446/heroes_of_ddd_development (PostgreSQL 16.9)
2025-08-26T16:50:14.472+02:00  INFO 67338 --- [heroesofddd] [restartedMain] [                                                 ] o.f.core.internal.command.DbValidate     : Successfully validated 0 migrations (execution time 00:00.006s)
2025-08-26T16:50:14.472+02:00  WARN 67338 --- [heroesofddd] [restartedMain] [                                                 ] o.f.core.internal.command.DbValidate     : No migrations found. Are your locations set up correctly?
2025-08-26T16:50:14.494+02:00  INFO 67338 --- [heroesofddd] [restartedMain] [                                                 ] o.f.core.internal.command.DbMigrate      : Current version of schema "public": << Empty Schema >>
2025-08-26T16:50:14.495+02:00  INFO 67338 --- [heroesofddd] [restartedMain] [                                                 ] o.f.core.internal.command.DbMigrate      : Schema "public" is up to date. No migration necessary.
2025-08-26T16:50:14.525+02:00  INFO 67338 --- [heroesofddd] [restartedMain] [                                                 ] o.hibernate.jpa.internal.util.LogHelper  : HHH000204: Processing PersistenceUnitInfo [name: default]
2025-08-26T16:50:14.538+02:00  INFO 67338 --- [heroesofddd] [restartedMain] [                                                 ] org.hibernate.Version                    : HHH000412: Hibernate ORM core version 6.6.22.Final
2025-08-26T16:50:14.546+02:00  INFO 67338 --- [heroesofddd] [restartedMain] [                                                 ] o.h.c.internal.RegionFactoryInitiator    : HHH000026: Second-level cache disabled
2025-08-26T16:50:14.627+02:00  INFO 67338 --- [heroesofddd] [restartedMain] [                                                 ] o.s.o.j.p.SpringPersistenceUnitInfo      : No LoadTimeWeaver setup: ignoring JPA class transformer
2025-08-26T16:50:14.642+02:00  WARN 67338 --- [heroesofddd] [restartedMain] [                                                 ] org.hibernate.orm.deprecation            : HHH90000025: PostgreSQLDialect does not need to be specified explicitly using 'hibernate.dialect' (remove the property setting and it will be selected by default)
2025-08-26T16:50:14.647+02:00  INFO 67338 --- [heroesofddd] [restartedMain] [                                                 ] org.hibernate.orm.connections.pooling    : HHH10001005: Database info:
	Database JDBC URL [Connecting through datasource 'HikariDataSource (HikariPool-1)']
	Database driver: undefined/unknown
	Database version: 16.9
	Autocommit mode: undefined/unknown
	Isolation level: undefined/unknown
	Minimum pool size: undefined/unknown
	Maximum pool size: undefined/unknown
2025-08-26T16:50:14.949+02:00  INFO 67338 --- [heroesofddd] [restartedMain] [                                                 ] o.h.e.t.j.p.i.JtaPlatformInitiator       : HHH000489: No JTA platform available (set 'hibernate.transaction.jta.platform' to enable JTA platform integration)
2025-08-26T16:50:14.980+02:00  WARN 67338 --- [heroesofddd] [restartedMain] [                                                 ] o.h.t.s.i.ExceptionHandlerLoggedImpl     : GenerationTarget encountered exception accepting command : Error executing DDL "create index idx_game_id on read_model_dwelling (game_id)" via JDBC [ERROR: relation "idx_game_id" already exists]

org.hibernate.tool.schema.spi.CommandAcceptanceException: Error executing DDL "create index idx_game_id on read_model_dwelling (game_id)" via JDBC [ERROR: relation "idx_game_id" already exists]
	at org.hibernate.tool.schema.internal.exec.GenerationTargetToDatabase.accept(GenerationTargetToDatabase.java:94) ~[hibernate-core-6.6.22.Final.jar:6.6.22.Final]
	at org.hibernate.tool.schema.internal.AbstractSchemaMigrator.applySqlString(AbstractSchemaMigrator.java:576) ~[hibernate-core-6.6.22.Final.jar:6.6.22.Final]
	at org.hibernate.tool.schema.internal.AbstractSchemaMigrator.applySqlStrings(AbstractSchemaMigrator.java:516) ~[hibernate-core-6.6.22.Final.jar:6.6.22.Final]
	at org.hibernate.tool.schema.internal.AbstractSchemaMigrator.applyIndexes(AbstractSchemaMigrator.java:361) ~[hibernate-core-6.6.22.Final.jar:6.6.22.Final]
	at org.hibernate.tool.schema.internal.GroupedSchemaMigratorImpl.performTablesMigration(GroupedSchemaMigratorImpl.java:96) ~[hibernate-core-6.6.22.Final.jar:6.6.22.Final]
	at org.hibernate.tool.schema.internal.AbstractSchemaMigrator.performMigration(AbstractSchemaMigrator.java:233) ~[hibernate-core-6.6.22.Final.jar:6.6.22.Final]
	at org.hibernate.tool.schema.internal.AbstractSchemaMigrator.doMigration(AbstractSchemaMigrator.java:112) ~[hibernate-core-6.6.22.Final.jar:6.6.22.Final]
	at org.hibernate.tool.schema.spi.SchemaManagementToolCoordinator.performDatabaseAction(SchemaManagementToolCoordinator.java:280) ~[hibernate-core-6.6.22.Final.jar:6.6.22.Final]
	at org.hibernate.tool.schema.spi.SchemaManagementToolCoordinator.lambda$process$5(SchemaManagementToolCoordinator.java:144) ~[hibernate-core-6.6.22.Final.jar:6.6.22.Final]
	at java.base/java.util.HashMap.forEach(HashMap.java:1430) ~[na:na]
	at org.hibernate.tool.schema.spi.SchemaManagementToolCoordinator.process(SchemaManagementToolCoordinator.java:141) ~[hibernate-core-6.6.22.Final.jar:6.6.22.Final]
	at org.hibernate.boot.internal.SessionFactoryObserverForSchemaExport.sessionFactoryCreated(SessionFactoryObserverForSchemaExport.java:37) ~[hibernate-core-6.6.22.Final.jar:6.6.22.Final]
	at org.hibernate.internal.SessionFactoryObserverChain.sessionFactoryCreated(SessionFactoryObserverChain.java:35) ~[hibernate-core-6.6.22.Final.jar:6.6.22.Final]
	at org.hibernate.internal.SessionFactoryImpl.<init>(SessionFactoryImpl.java:324) ~[hibernate-core-6.6.22.Final.jar:6.6.22.Final]
	at org.hibernate.boot.internal.SessionFactoryBuilderImpl.build(SessionFactoryBuilderImpl.java:463) ~[hibernate-core-6.6.22.Final.jar:6.6.22.Final]
	at org.hibernate.jpa.boot.internal.EntityManagerFactoryBuilderImpl.build(EntityManagerFactoryBuilderImpl.java:1517) ~[hibernate-core-6.6.22.Final.jar:6.6.22.Final]
	at org.springframework.orm.jpa.vendor.SpringHibernateJpaPersistenceProvider.createContainerEntityManagerFactory(SpringHibernateJpaPersistenceProvider.java:66) ~[spring-orm-6.2.9.jar:6.2.9]
	at org.springframework.orm.jpa.LocalContainerEntityManagerFactoryBean.createNativeEntityManagerFactory(LocalContainerEntityManagerFactoryBean.java:390) ~[spring-orm-6.2.9.jar:6.2.9]
	at org.springframework.orm.jpa.AbstractEntityManagerFactoryBean.buildNativeEntityManagerFactory(AbstractEntityManagerFactoryBean.java:419) ~[spring-orm-6.2.9.jar:6.2.9]
	at org.springframework.orm.jpa.AbstractEntityManagerFactoryBean.afterPropertiesSet(AbstractEntityManagerFactoryBean.java:400) ~[spring-orm-6.2.9.jar:6.2.9]
	at org.springframework.orm.jpa.LocalContainerEntityManagerFactoryBean.afterPropertiesSet(LocalContainerEntityManagerFactoryBean.java:366) ~[spring-orm-6.2.9.jar:6.2.9]
	at org.springframework.beans.factory.support.AbstractAutowireCapableBeanFactory.invokeInitMethods(AbstractAutowireCapableBeanFactory.java:1873) ~[spring-beans-6.2.9.jar:6.2.9]
	at org.springframework.beans.factory.support.AbstractAutowireCapableBeanFactory.initializeBean(AbstractAutowireCapableBeanFactory.java:1822) ~[spring-beans-6.2.9.jar:6.2.9]
	at org.springframework.beans.factory.support.AbstractAutowireCapableBeanFactory.doCreateBean(AbstractAutowireCapableBeanFactory.java:607) ~[spring-beans-6.2.9.jar:6.2.9]
	at org.springframework.beans.factory.support.AbstractAutowireCapableBeanFactory.createBean(AbstractAutowireCapableBeanFactory.java:529) ~[spring-beans-6.2.9.jar:6.2.9]
	at org.springframework.beans.factory.support.AbstractBeanFactory.lambda$doGetBean$0(AbstractBeanFactory.java:339) ~[spring-beans-6.2.9.jar:6.2.9]
	at org.springframework.beans.factory.support.DefaultSingletonBeanRegistry.getSingleton(DefaultSingletonBeanRegistry.java:373) ~[spring-beans-6.2.9.jar:6.2.9]
	at org.springframework.beans.factory.support.AbstractBeanFactory.doGetBean(AbstractBeanFactory.java:337) ~[spring-beans-6.2.9.jar:6.2.9]
	at org.springframework.beans.factory.support.AbstractBeanFactory.getBean(AbstractBeanFactory.java:207) ~[spring-beans-6.2.9.jar:6.2.9]
	at org.springframework.context.support.AbstractApplicationContext.finishBeanFactoryInitialization(AbstractApplicationContext.java:970) ~[spring-context-6.2.9.jar:6.2.9]
	at org.springframework.context.support.AbstractApplicationContext.refresh(AbstractApplicationContext.java:627) ~[spring-context-6.2.9.jar:6.2.9]
	at org.springframework.boot.SpringApplication.refresh(SpringApplication.java:752) ~[spring-boot-3.5.4.jar:3.5.4]
	at org.springframework.boot.SpringApplication.refreshContext(SpringApplication.java:439) ~[spring-boot-3.5.4.jar:3.5.4]
	at org.springframework.boot.SpringApplication.run(SpringApplication.java:318) ~[spring-boot-3.5.4.jar:3.5.4]
	at org.springframework.boot.SpringApplication.run(SpringApplication.java:1361) ~[spring-boot-3.5.4.jar:3.5.4]
	at org.springframework.boot.SpringApplication.run(SpringApplication.java:1350) ~[spring-boot-3.5.4.jar:3.5.4]
	at com.dddheroes.heroesofddd.HeroesOfDDDApplication.main(HeroesOfDDDApplication.java:10) ~[classes/:na]
	at java.base/jdk.internal.reflect.DirectMethodHandleAccessor.invoke(DirectMethodHandleAccessor.java:103) ~[na:na]
	at java.base/java.lang.reflect.Method.invoke(Method.java:580) ~[na:na]
	at org.springframework.boot.devtools.restart.RestartLauncher.run(RestartLauncher.java:50) ~[spring-boot-devtools-3.5.4.jar:3.5.4]
Caused by: org.postgresql.util.PSQLException: ERROR: relation "idx_game_id" already exists
	at org.postgresql.core.v3.QueryExecutorImpl.receiveErrorResponse(QueryExecutorImpl.java:2734) ~[postgresql-42.7.7.jar:42.7.7]
	at org.postgresql.core.v3.QueryExecutorImpl.processResults(QueryExecutorImpl.java:2421) ~[postgresql-42.7.7.jar:42.7.7]
	at org.postgresql.core.v3.QueryExecutorImpl.execute(QueryExecutorImpl.java:372) ~[postgresql-42.7.7.jar:42.7.7]
	at org.postgresql.jdbc.PgStatement.executeInternal(PgStatement.java:518) ~[postgresql-42.7.7.jar:42.7.7]
	at org.postgresql.jdbc.PgStatement.execute(PgStatement.java:435) ~[postgresql-42.7.7.jar:42.7.7]
	at org.postgresql.jdbc.PgStatement.executeWithFlags(PgStatement.java:357) ~[postgresql-42.7.7.jar:42.7.7]
	at org.postgresql.jdbc.PgStatement.executeCachedSql(PgStatement.java:342) ~[postgresql-42.7.7.jar:42.7.7]
	at org.postgresql.jdbc.PgStatement.executeWithFlags(PgStatement.java:318) ~[postgresql-42.7.7.jar:42.7.7]
	at org.postgresql.jdbc.PgStatement.execute(PgStatement.java:313) ~[postgresql-42.7.7.jar:42.7.7]
	at com.zaxxer.hikari.pool.ProxyStatement.execute(ProxyStatement.java:95) ~[HikariCP-6.3.1.jar:na]
	at com.zaxxer.hikari.pool.HikariProxyStatement.execute(HikariProxyStatement.java) ~[HikariCP-6.3.1.jar:na]
	at org.hibernate.tool.schema.internal.exec.GenerationTargetToDatabase.accept(GenerationTargetToDatabase.java:80) ~[hibernate-core-6.6.22.Final.jar:6.6.22.Final]
	... 39 common frames omitted

2025-08-26T16:50:14.982+02:00  INFO 67338 --- [heroesofddd] [restartedMain] [                                                 ] j.LocalContainerEntityManagerFactoryBean : Initialized JPA EntityManagerFactory for persistence unit 'default'
2025-08-26T16:50:15.019+02:00  WARN 67338 --- [heroesofddd] [restartedMain] [                                                 ] ConsoleAutoConfiguration$$SpringCGLIB$$0 : The credentials for the connection to AxonIQ Console don't have the right format. Please provide them as instructed through the 'axoniq.console.credentials' property.
2025-08-26T16:50:15.306+02:00  INFO 67338 --- [heroesofddd] [restartedMain] [                                                 ] o.s.a.m.s.a.McpServerAutoConfiguration   : Enable tools capabilities, notification: true
2025-08-26T16:50:15.316+02:00  INFO 67338 --- [heroesofddd] [restartedMain] [                                                 ] o.s.a.m.s.a.McpServerAutoConfiguration   : Registered tools: 4
2025-08-26T16:50:15.316+02:00  INFO 67338 --- [heroesofddd] [restartedMain] [                                                 ] o.s.a.m.s.a.McpServerAutoConfiguration   : Enable resources capabilities, notification: true
2025-08-26T16:50:15.316+02:00  INFO 67338 --- [heroesofddd] [restartedMain] [                                                 ] o.s.a.m.s.a.McpServerAutoConfiguration   : Registered resources: 1
2025-08-26T16:50:15.316+02:00  INFO 67338 --- [heroesofddd] [restartedMain] [                                                 ] o.s.a.m.s.a.McpServerAutoConfiguration   : Enable prompts capabilities, notification: true
2025-08-26T16:50:15.316+02:00  INFO 67338 --- [heroesofddd] [restartedMain] [                                                 ] o.s.a.m.s.a.McpServerAutoConfiguration   : Enable completions capabilities
2025-08-26T16:50:15.450+02:00  INFO 67338 --- [heroesofddd] [restartedMain] [                                                 ] o.s.b.d.a.OptionalLiveReloadServer       : LiveReload server is running on port 35729
2025-08-26T16:50:15.512+02:00  INFO 67338 --- [heroesofddd] [restartedMain] [                                                 ] o.axonframework.updates.UpdateChecker    : Your AxonIQ libraries will be checked for updates periodically. See https://www.axoniq.io/update-check for more information.
2025-08-26T16:50:15.609+02:00  INFO 67338 --- [heroesofddd] [restartedMain] [                                                 ] i.a.a.c.impl.AxonServerManagedChannel    : Requesting connection details from localhost:8124
2025-08-26T16:50:15.691+02:00  INFO 67338 --- [heroesofddd] [restartedMain] [                                                 ] i.a.a.c.impl.AxonServerManagedChannel    : Successfully connected to localhost:8124
2025-08-26T16:50:15.694+02:00  INFO 67338 --- [heroesofddd] [restartedMain] [                                                 ] i.a.a.connector.impl.ControlChannelImpl  : Connected instruction stream for context 'default'. Sending client identification
2025-08-26T16:50:15.698+02:00  INFO 67338 --- [heroesofddd] [restartedMain] [                                                 ] i.a.a.c.command.impl.CommandChannelImpl  : CommandChannel for context 'default' connected, 0 command handlers registered
2025-08-26T16:50:15.700+02:00  INFO 67338 --- [heroesofddd] [restartedMain] [                                                 ] i.a.a.c.command.impl.CommandChannelImpl  : Registered handler for command 'com.dddheroes.heroesofddd.creaturerecruitment.write.builddwelling.BuildDwelling' in context 'default'
2025-08-26T16:50:15.701+02:00  INFO 67338 --- [heroesofddd] [restartedMain] [                                                 ] i.a.a.c.command.impl.CommandChannelImpl  : Registered handler for command 'com.dddheroes.heroesofddd.creaturerecruitment.write.changeavailablecreatures.IncreaseAvailableCreatures' in context 'default'
2025-08-26T16:50:15.701+02:00  INFO 67338 --- [heroesofddd] [restartedMain] [                                                 ] i.a.a.c.command.impl.CommandChannelImpl  : Registered handler for command 'com.dddheroes.heroesofddd.creaturerecruitment.write.recruitcreature.RecruitCreature' in context 'default'
2025-08-26T16:50:15.701+02:00  INFO 67338 --- [heroesofddd] [restartedMain] [                                                 ] i.a.a.c.command.impl.CommandChannelImpl  : Registered handler for command 'com.dddheroes.heroesofddd.calendar.write.finishday.FinishDay' in context 'default'
2025-08-26T16:50:15.701+02:00  INFO 67338 --- [heroesofddd] [restartedMain] [                                                 ] i.a.a.c.command.impl.CommandChannelImpl  : Registered handler for command 'com.dddheroes.heroesofddd.calendar.write.startday.StartDay' in context 'default'
2025-08-26T16:50:15.702+02:00  INFO 67338 --- [heroesofddd] [restartedMain] [                                                 ] i.a.a.c.command.impl.CommandChannelImpl  : Registered handler for command 'com.dddheroes.heroesofddd.astrologers.write.proclaimweeksymbol.ProclaimWeekSymbol' in context 'default'
2025-08-26T16:50:15.702+02:00  INFO 67338 --- [heroesofddd] [restartedMain] [                                                 ] i.a.a.c.command.impl.CommandChannelImpl  : Registered handler for command 'com.dddheroes.heroesofddd.resourcespool.write.withdraw.WithdrawResources' in context 'default'
2025-08-26T16:50:15.702+02:00  INFO 67338 --- [heroesofddd] [restartedMain] [                                                 ] i.a.a.c.command.impl.CommandChannelImpl  : Registered handler for command 'com.dddheroes.heroesofddd.resourcespool.write.deposit.DepositResources' in context 'default'
2025-08-26T16:50:15.702+02:00  INFO 67338 --- [heroesofddd] [restartedMain] [                                                 ] i.a.a.c.command.impl.CommandChannelImpl  : Registered handler for command 'com.dddheroes.heroesofddd.armies.write.removecreature.RemoveCreatureFromArmy' in context 'default'
2025-08-26T16:50:15.702+02:00  INFO 67338 --- [heroesofddd] [restartedMain] [                                                 ] i.a.a.c.command.impl.CommandChannelImpl  : Registered handler for command 'com.dddheroes.heroesofddd.armies.write.addcreature.AddCreatureToArmy' in context 'default'
2025-08-26T16:50:15.709+02:00  INFO 67338 --- [heroesofddd] [restartedMain] [                                                 ] i.a.a.c.query.impl.QueryChannelImpl      : QueryChannel for context 'default' connected, 0 registrations resubscribed
2025-08-26T16:50:15.710+02:00  INFO 67338 --- [heroesofddd] [restartedMain] [                                                 ] i.a.a.c.query.impl.QueryChannelImpl      : Registered handler for query 'com.dddheroes.heroesofddd.creaturerecruitment.read.getalldwellings.GetAllDwellings : com.dddheroes.heroesofddd.creaturerecruitment.read.getalldwellings.GetAllDwellings$Result' in context 'default'
2025-08-26T16:50:15.711+02:00  INFO 67338 --- [heroesofddd] [restartedMain] [                                                 ] i.a.a.c.query.impl.QueryChannelImpl      : Registered handler for query 'com.dddheroes.heroesofddd.creaturerecruitment.read.getdwellingbyid.GetDwellingById : com.dddheroes.heroesofddd.creaturerecruitment.read.DwellingReadModel' in context 'default'
2025-08-26T16:50:15.711+02:00  INFO 67338 --- [heroesofddd] [restartedMain] [                                                 ] o.a.e.p.PooledStreamingEventProcessor    : Starting PooledStreamingEventProcessor [ReadModel_Dwelling].
2025-08-26T16:50:15.843+02:00  INFO 67338 --- [heroesofddd] [restartedMain] [                                                 ] o.a.e.p.PooledStreamingEventProcessor    : Starting PooledStreamingEventProcessor [Automation_WhenCreatureRecruitedThenAddToArmy_Processor].
2025-08-26T16:50:15.845+02:00  INFO 67338 --- [heroesofddd] [restartedMain] [                                                 ] o.a.e.p.PooledStreamingEventProcessor    : Starting PooledStreamingEventProcessor [Automation_WhenWeekStartedThenProclaimWeekSymbol_Processor].
2025-08-26T16:50:15.877+02:00  INFO 67338 --- [heroesofddd] [restartedMain] [                                                 ] o.s.s.config.TaskSchedulerRouter         : No TaskScheduler/ScheduledExecutorService bean found for scheduled processing
2025-08-26T16:50:15.879+02:00  INFO 67338 --- [heroesofddd] [Coordinator[ReadModel_Dwelling]-0] [                                                 ] o.a.eventhandling.pooled.Coordinator     : Processor [ReadModel_Dwelling] claimed the token for segment 0.
2025-08-26T16:50:15.879+02:00  INFO 67338 --- [heroesofddd] [restartedMain] [                                                 ] c.d.heroesofddd.HeroesOfDDDApplication   : Started HeroesOfDDDApplication in 2.945 seconds (process running for 3.164)
2025-08-26T16:50:15.883+02:00  INFO 67338 --- [heroesofddd] [Coordinator[ReadModel_Dwelling]-0] [                                                 ] o.a.eventhandling.pooled.Coordinator     : Processor [ReadModel_Dwelling] claimed the token for segment 1.
2025-08-26T16:50:15.884+02:00  INFO 67338 --- [heroesofddd] [Coordinator[Automation_WhenWeekStartedThenProclaimWeekSymbol_Processor]-0] [                                                 ] o.a.eventhandling.pooled.Coordinator     : Processor [Automation_WhenWeekStartedThenProclaimWeekSymbol_Processor] claimed the token for segment 0.
2025-08-26T16:50:15.884+02:00  INFO 67338 --- [heroesofddd] [Coordinator[Automation_WhenCreatureRecruitedThenAddToArmy_Processor]-0] [                                                 ] o.a.eventhandling.pooled.Coordinator     : Processor [Automation_WhenCreatureRecruitedThenAddToArmy_Processor] claimed the token for segment 0.
2025-08-26T16:50:15.885+02:00  INFO 67338 --- [heroesofddd] [Coordinator[ReadModel_Dwelling]-0] [                                                 ] o.a.eventhandling.pooled.Coordinator     : Processor [ReadModel_Dwelling] claimed 2 new segments for processing
2025-08-26T16:50:15.888+02:00  INFO 67338 --- [heroesofddd] [Coordinator[Automation_WhenWeekStartedThenProclaimWeekSymbol_Processor]-0] [                                                 ] o.a.eventhandling.pooled.Coordinator     : Processor [Automation_WhenWeekStartedThenProclaimWeekSymbol_Processor] claimed the token for segment 1.
2025-08-26T16:50:15.888+02:00  INFO 67338 --- [heroesofddd] [Coordinator[Automation_WhenCreatureRecruitedThenAddToArmy_Processor]-0] [                                                 ] o.a.eventhandling.pooled.Coordinator     : Processor [Automation_WhenCreatureRecruitedThenAddToArmy_Processor] claimed the token for segment 1.
2025-08-26T16:50:15.892+02:00  INFO 67338 --- [heroesofddd] [Coordinator[Automation_WhenWeekStartedThenProclaimWeekSymbol_Processor]-0] [                                                 ] o.a.eventhandling.pooled.Coordinator     : Processor [Automation_WhenWeekStartedThenProclaimWeekSymbol_Processor] claimed the token for segment 2.
2025-08-26T16:50:15.892+02:00  INFO 67338 --- [heroesofddd] [Coordinator[Automation_WhenCreatureRecruitedThenAddToArmy_Processor]-0] [                                                 ] o.a.eventhandling.pooled.Coordinator     : Processor [Automation_WhenCreatureRecruitedThenAddToArmy_Processor] claimed the token for segment 2.
2025-08-26T16:50:15.896+02:00  INFO 67338 --- [heroesofddd] [Coordinator[Automation_WhenWeekStartedThenProclaimWeekSymbol_Processor]-0] [                                                 ] o.a.eventhandling.pooled.Coordinator     : Processor [Automation_WhenWeekStartedThenProclaimWeekSymbol_Processor] claimed the token for segment 3.
2025-08-26T16:50:15.896+02:00  INFO 67338 --- [heroesofddd] [Coordinator[Automation_WhenCreatureRecruitedThenAddToArmy_Processor]-0] [                                                 ] o.a.eventhandling.pooled.Coordinator     : Processor [Automation_WhenCreatureRecruitedThenAddToArmy_Processor] claimed the token for segment 3.
2025-08-26T16:50:15.899+02:00  INFO 67338 --- [heroesofddd] [Coordinator[Automation_WhenWeekStartedThenProclaimWeekSymbol_Processor]-0] [                                                 ] o.a.eventhandling.pooled.Coordinator     : Processor [Automation_WhenWeekStartedThenProclaimWeekSymbol_Processor] claimed the token for segment 4.
2025-08-26T16:50:15.899+02:00  INFO 67338 --- [heroesofddd] [Coordinator[Automation_WhenCreatureRecruitedThenAddToArmy_Processor]-0] [                                                 ] o.a.eventhandling.pooled.Coordinator     : Processor [Automation_WhenCreatureRecruitedThenAddToArmy_Processor] claimed the token for segment 4.
2025-08-26T16:50:15.903+02:00  INFO 67338 --- [heroesofddd] [Coordinator[Automation_WhenWeekStartedThenProclaimWeekSymbol_Processor]-0] [                                                 ] o.a.eventhandling.pooled.Coordinator     : Processor [Automation_WhenWeekStartedThenProclaimWeekSymbol_Processor] claimed the token for segment 5.
2025-08-26T16:50:15.903+02:00  INFO 67338 --- [heroesofddd] [Coordinator[Automation_WhenCreatureRecruitedThenAddToArmy_Processor]-0] [                                                 ] o.a.eventhandling.pooled.Coordinator     : Processor [Automation_WhenCreatureRecruitedThenAddToArmy_Processor] claimed the token for segment 5.
2025-08-26T16:50:15.907+02:00  INFO 67338 --- [heroesofddd] [Coordinator[Automation_WhenWeekStartedThenProclaimWeekSymbol_Processor]-0] [                                                 ] o.a.eventhandling.pooled.Coordinator     : Processor [Automation_WhenWeekStartedThenProclaimWeekSymbol_Processor] claimed the token for segment 6.
2025-08-26T16:50:15.907+02:00  INFO 67338 --- [heroesofddd] [Coordinator[Automation_WhenCreatureRecruitedThenAddToArmy_Processor]-0] [                                                 ] o.a.eventhandling.pooled.Coordinator     : Processor [Automation_WhenCreatureRecruitedThenAddToArmy_Processor] claimed the token for segment 6.
2025-08-26T16:50:15.910+02:00  INFO 67338 --- [heroesofddd] [Coordinator[Automation_WhenWeekStartedThenProclaimWeekSymbol_Processor]-0] [                                                 ] o.a.eventhandling.pooled.Coordinator     : Processor [Automation_WhenWeekStartedThenProclaimWeekSymbol_Processor] claimed the token for segment 7.
2025-08-26T16:50:15.910+02:00  INFO 67338 --- [heroesofddd] [Coordinator[Automation_WhenCreatureRecruitedThenAddToArmy_Processor]-0] [                                                 ] o.a.eventhandling.pooled.Coordinator     : Processor [Automation_WhenCreatureRecruitedThenAddToArmy_Processor] claimed the token for segment 7.
2025-08-26T16:50:15.914+02:00  INFO 67338 --- [heroesofddd] [Coordinator[Automation_WhenCreatureRecruitedThenAddToArmy_Processor]-0] [                                                 ] o.a.eventhandling.pooled.Coordinator     : Processor [Automation_WhenCreatureRecruitedThenAddToArmy_Processor] claimed the token for segment 8.
2025-08-26T16:50:15.914+02:00  INFO 67338 --- [heroesofddd] [Coordinator[Automation_WhenWeekStartedThenProclaimWeekSymbol_Processor]-0] [                                                 ] o.a.eventhandling.pooled.Coordinator     : Processor [Automation_WhenWeekStartedThenProclaimWeekSymbol_Processor] claimed the token for segment 8.
2025-08-26T16:50:15.917+02:00  INFO 67338 --- [heroesofddd] [Coordinator[Automation_WhenCreatureRecruitedThenAddToArmy_Processor]-0] [                                                 ] o.a.eventhandling.pooled.Coordinator     : Processor [Automation_WhenCreatureRecruitedThenAddToArmy_Processor] claimed the token for segment 9.
2025-08-26T16:50:15.917+02:00  INFO 67338 --- [heroesofddd] [Coordinator[Automation_WhenWeekStartedThenProclaimWeekSymbol_Processor]-0] [                                                 ] o.a.eventhandling.pooled.Coordinator     : Processor [Automation_WhenWeekStartedThenProclaimWeekSymbol_Processor] claimed the token for segment 9.
2025-08-26T16:50:15.920+02:00  INFO 67338 --- [heroesofddd] [Coordinator[Automation_WhenCreatureRecruitedThenAddToArmy_Processor]-0] [                                                 ] o.a.eventhandling.pooled.Coordinator     : Processor [Automation_WhenCreatureRecruitedThenAddToArmy_Processor] claimed the token for segment 10.
2025-08-26T16:50:15.920+02:00  INFO 67338 --- [heroesofddd] [Coordinator[Automation_WhenWeekStartedThenProclaimWeekSymbol_Processor]-0] [                                                 ] o.a.eventhandling.pooled.Coordinator     : Processor [Automation_WhenWeekStartedThenProclaimWeekSymbol_Processor] claimed the token for segment 10.
2025-08-26T16:50:15.923+02:00  INFO 67338 --- [heroesofddd] [Coordinator[Automation_WhenCreatureRecruitedThenAddToArmy_Processor]-0] [                                                 ] o.a.eventhandling.pooled.Coordinator     : Processor [Automation_WhenCreatureRecruitedThenAddToArmy_Processor] claimed the token for segment 11.
2025-08-26T16:50:15.923+02:00  INFO 67338 --- [heroesofddd] [Coordinator[Automation_WhenWeekStartedThenProclaimWeekSymbol_Processor]-0] [                                                 ] o.a.eventhandling.pooled.Coordinator     : Processor [Automation_WhenWeekStartedThenProclaimWeekSymbol_Processor] claimed the token for segment 11.
2025-08-26T16:50:15.926+02:00  INFO 67338 --- [heroesofddd] [Coordinator[Automation_WhenCreatureRecruitedThenAddToArmy_Processor]-0] [                                                 ] o.a.eventhandling.pooled.Coordinator     : Processor [Automation_WhenCreatureRecruitedThenAddToArmy_Processor] claimed the token for segment 12.
2025-08-26T16:50:15.926+02:00  INFO 67338 --- [heroesofddd] [Coordinator[Automation_WhenWeekStartedThenProclaimWeekSymbol_Processor]-0] [                                                 ] o.a.eventhandling.pooled.Coordinator     : Processor [Automation_WhenWeekStartedThenProclaimWeekSymbol_Processor] claimed the token for segment 12.
2025-08-26T16:50:15.929+02:00  INFO 67338 --- [heroesofddd] [Coordinator[Automation_WhenCreatureRecruitedThenAddToArmy_Processor]-0] [                                                 ] o.a.eventhandling.pooled.Coordinator     : Processor [Automation_WhenCreatureRecruitedThenAddToArmy_Processor] claimed the token for segment 13.
2025-08-26T16:50:15.929+02:00  INFO 67338 --- [heroesofddd] [Coordinator[Automation_WhenWeekStartedThenProclaimWeekSymbol_Processor]-0] [                                                 ] o.a.eventhandling.pooled.Coordinator     : Processor [Automation_WhenWeekStartedThenProclaimWeekSymbol_Processor] claimed the token for segment 13.
2025-08-26T16:50:15.931+02:00  INFO 67338 --- [heroesofddd] [Coordinator[Automation_WhenCreatureRecruitedThenAddToArmy_Processor]-0] [                                                 ] o.a.eventhandling.pooled.Coordinator     : Processor [Automation_WhenCreatureRecruitedThenAddToArmy_Processor] claimed the token for segment 14.
2025-08-26T16:50:15.932+02:00  INFO 67338 --- [heroesofddd] [Coordinator[Automation_WhenWeekStartedThenProclaimWeekSymbol_Processor]-0] [                                                 ] o.a.eventhandling.pooled.Coordinator     : Processor [Automation_WhenWeekStartedThenProclaimWeekSymbol_Processor] claimed the token for segment 14.
2025-08-26T16:50:15.934+02:00  INFO 67338 --- [heroesofddd] [Coordinator[Automation_WhenCreatureRecruitedThenAddToArmy_Processor]-0] [                                                 ] o.a.eventhandling.pooled.Coordinator     : Processor [Automation_WhenCreatureRecruitedThenAddToArmy_Processor] claimed the token for segment 15.
2025-08-26T16:50:15.934+02:00  INFO 67338 --- [heroesofddd] [Coordinator[Automation_WhenWeekStartedThenProclaimWeekSymbol_Processor]-0] [                                                 ] o.a.eventhandling.pooled.Coordinator     : Processor [Automation_WhenWeekStartedThenProclaimWeekSymbol_Processor] claimed the token for segment 15.
2025-08-26T16:50:15.934+02:00  INFO 67338 --- [heroesofddd] [Coordinator[Automation_WhenCreatureRecruitedThenAddToArmy_Processor]-0] [                                                 ] o.a.eventhandling.pooled.Coordinator     : Processor [Automation_WhenCreatureRecruitedThenAddToArmy_Processor] claimed 16 new segments for processing
2025-08-26T16:50:15.934+02:00  INFO 67338 --- [heroesofddd] [Coordinator[Automation_WhenWeekStartedThenProclaimWeekSymbol_Processor]-0] [                                                 ] o.a.eventhandling.pooled.Coordinator     : Processor [Automation_WhenWeekStartedThenProclaimWeekSymbol_Processor] claimed 16 new segments for processing
2025-08-26T16:50:16.921+02:00  INFO 67338 --- [heroesofddd] [pool-2-thread-1] [                                                 ] o.a.u.LoggingUpdateCheckerReporter       : AxonIQ has found the following dependency upgrade(s):
2025-08-26T16:50:16.922+02:00  INFO 67338 --- [heroesofddd] [pool-2-thread-1] [                                                 ] o.a.u.LoggingUpdateCheckerReporter       : io.axoniq:axonserver-connector-java............................. 2024.2.4 -> 2025.1.1
2025-08-26T16:50:16.922+02:00  INFO 67338 --- [heroesofddd] [pool-2-thread-1] [                                                 ] o.a.u.LoggingUpdateCheckerReporter       : io.axoniq.console:console-framework-client-spring-boot-starter.. 1.9.3    -> 1.10.0
2025-08-26T16:50:16.922+02:00  INFO 67338 --- [heroesofddd] [pool-2-thread-1] [                                                 ] o.a.u.LoggingUpdateCheckerReporter       : io.axoniq.console:console-framework-client-api.................. 1.9.3    -> 1.10.0
2025-08-26T16:50:16.922+02:00  INFO 67338 --- [heroesofddd] [pool-2-thread-1] [                                                 ] o.a.u.LoggingUpdateCheckerReporter       : io.axoniq.console:console-framework-client...................... 1.9.3    -> 1.10.0
2025-08-26T16:50:16.922+02:00  INFO 67338 --- [heroesofddd] [pool-2-thread-1] [                                                 ] o.a.u.LoggingUpdateCheckerReporter       : No vulnerabilities have been found in your Axon libraries.
2025-08-26T16:51:35.927+02:00  INFO 67338 --- [heroesofddd] [File Watcher] [                                                 ] rtingClassPathChangeChangedEventListener : Restarting due to 1 class path change (1 addition, 0 deletions, 0 modifications)
2025-08-26T16:51:35.931+02:00  INFO 67338 --- [heroesofddd] [Thread-5] [                                                 ] o.a.e.p.PooledStreamingEventProcessor    : Stopping PooledStreamingEventProcessor [ReadModel_Dwelling]
2025-08-26T16:51:35.931+02:00  INFO 67338 --- [heroesofddd] [Thread-5] [                                                 ] o.a.e.p.PooledStreamingEventProcessor    : Stopping PooledStreamingEventProcessor [Automation_WhenCreatureRecruitedThenAddToArmy_Processor]
2025-08-26T16:51:35.932+02:00  INFO 67338 --- [heroesofddd] [Thread-5] [                                                 ] o.a.e.p.PooledStreamingEventProcessor    : Stopping PooledStreamingEventProcessor [Automation_WhenWeekStartedThenProclaimWeekSymbol_Processor]
2025-08-26T16:51:35.958+02:00  INFO 67338 --- [heroesofddd] [Thread-5] [                                                 ] i.a.a.c.command.impl.CommandChannelImpl  : Deregistered handler for command 'com.dddheroes.heroesofddd.creaturerecruitment.write.builddwelling.BuildDwelling' in context 'default'
2025-08-26T16:51:35.958+02:00  INFO 67338 --- [heroesofddd] [Thread-5] [                                                 ] i.a.a.c.command.impl.CommandChannelImpl  : Deregistered handler for command 'com.dddheroes.heroesofddd.creaturerecruitment.write.changeavailablecreatures.IncreaseAvailableCreatures' in context 'default'
2025-08-26T16:51:35.958+02:00  INFO 67338 --- [heroesofddd] [Thread-5] [                                                 ] i.a.a.c.command.impl.CommandChannelImpl  : Deregistered handler for command 'com.dddheroes.heroesofddd.creaturerecruitment.write.recruitcreature.RecruitCreature' in context 'default'
2025-08-26T16:51:35.958+02:00  INFO 67338 --- [heroesofddd] [Thread-5] [                                                 ] i.a.a.c.command.impl.CommandChannelImpl  : Deregistered handler for command 'com.dddheroes.heroesofddd.calendar.write.finishday.FinishDay' in context 'default'
2025-08-26T16:51:35.958+02:00  INFO 67338 --- [heroesofddd] [Thread-5] [                                                 ] i.a.a.c.command.impl.CommandChannelImpl  : Deregistered handler for command 'com.dddheroes.heroesofddd.calendar.write.startday.StartDay' in context 'default'
2025-08-26T16:51:35.958+02:00  INFO 67338 --- [heroesofddd] [Thread-5] [                                                 ] i.a.a.c.command.impl.CommandChannelImpl  : Deregistered handler for command 'com.dddheroes.heroesofddd.astrologers.write.proclaimweeksymbol.ProclaimWeekSymbol' in context 'default'
2025-08-26T16:51:35.958+02:00  INFO 67338 --- [heroesofddd] [Thread-5] [                                                 ] i.a.a.c.command.impl.CommandChannelImpl  : Deregistered handler for command 'com.dddheroes.heroesofddd.resourcespool.write.withdraw.WithdrawResources' in context 'default'
2025-08-26T16:51:35.958+02:00  INFO 67338 --- [heroesofddd] [Thread-5] [                                                 ] i.a.a.c.command.impl.CommandChannelImpl  : Deregistered handler for command 'com.dddheroes.heroesofddd.resourcespool.write.deposit.DepositResources' in context 'default'
2025-08-26T16:51:35.958+02:00  INFO 67338 --- [heroesofddd] [Thread-5] [                                                 ] i.a.a.c.command.impl.CommandChannelImpl  : Deregistered handler for command 'com.dddheroes.heroesofddd.armies.write.removecreature.RemoveCreatureFromArmy' in context 'default'
2025-08-26T16:51:35.958+02:00  INFO 67338 --- [heroesofddd] [Thread-5] [                                                 ] i.a.a.c.command.impl.CommandChannelImpl  : Deregistered handler for command 'com.dddheroes.heroesofddd.armies.write.addcreature.AddCreatureToArmy' in context 'default'
2025-08-26T16:51:36.460+02:00  INFO 67338 --- [heroesofddd] [Thread-5] [                                                 ] o.axonframework.updates.UpdateChecker    : Stopped the AxonIQ UpdateChecker. No further updates will be checked.
2025-08-26T16:51:36.483+02:00  INFO 67338 --- [heroesofddd] [Thread-5] [                                                 ] .s.m.e.c.DefaultEventPublicationRegistry : No publications outstanding!
2025-08-26T16:51:36.496+02:00  INFO 67338 --- [heroesofddd] [Thread-5] [                                                 ] j.LocalContainerEntityManagerFactoryBean : Closing JPA EntityManagerFactory for persistence unit 'default'
2025-08-26T16:51:36.497+02:00  INFO 67338 --- [heroesofddd] [Thread-5] [                                                 ] com.zaxxer.hikari.HikariDataSource       : HikariPool-1 - Shutdown initiated...
2025-08-26T16:51:36.498+02:00  INFO 67338 --- [heroesofddd] [Thread-5] [                                                 ] com.zaxxer.hikari.HikariDataSource       : HikariPool-1 - Shutdown completed.
